{"contracts/LERC20.sol":{"l":{"23":1143,"24":1143,"25":1143,"26":1143,"27":1143,"33":24,"34":24,"36":24,"37":24,"38":24,"43":175,"44":175,"46":172,"47":172,"48":172,"53":24,"54":24,"56":21,"57":21,"58":21,"63":0,"64":0,"66":0,"67":0,"68":0,"73":0,"74":0,"76":0,"77":0,"78":0,"83":37,"84":28,"90":22,"91":22,"92":44,"97":3,"98":2,"99":2,"103":2,"104":2,"108":12,"109":12,"110":12,"114":8,"115":7,"116":5,"117":5,"118":5,"122":3,"123":3,"124":3,"130":24,"131":24,"135":172,"136":172,"140":21,"141":21,"145":0,"146":0,"150":0,"151":0},"path":"/Users/domantas/Documents/Github/lossless/lossless-v1-controller/contracts/LERC20.sol","s":{"1":1143,"2":1143,"3":1143,"4":1143,"5":1143,"6":24,"7":24,"8":24,"9":24,"10":175,"11":175,"12":172,"13":172,"14":24,"15":24,"16":21,"17":21,"18":0,"19":0,"20":0,"21":0,"22":0,"23":0,"24":0,"25":0,"26":37,"27":22,"28":22,"29":44,"30":3,"31":2,"32":2,"33":2,"34":2,"35":12,"36":12,"37":12,"38":8,"39":7,"40":5,"41":5,"42":5,"43":3,"44":3,"45":3,"46":24,"47":24,"48":172,"49":172,"50":21,"51":21,"52":0,"53":0,"54":0,"55":0},"b":{"1":[24,0],"2":[24,0],"3":[175,0],"4":[172,0],"5":[24,0],"6":[21,0],"7":[0,0],"8":[0,0],"9":[0,0],"10":[0,0],"11":[28,9],"12":[22,0],"13":[2,1],"14":[7,1],"15":[5,2]},"f":{"1":1143,"2":24,"3":175,"4":24,"5":0,"6":0,"7":37,"8":22,"9":3,"10":2,"11":12,"12":8,"13":3,"14":24,"15":172,"16":21,"17":0,"18":0},"fnMap":{"1":{"name":"constructor","line":22,"loc":{"start":{"line":22,"column":4},"end":{"line":28,"column":4}}},"2":{"name":"lssAprove","line":32,"loc":{"start":{"line":32,"column":4},"end":{"line":40,"column":4}}},"3":{"name":"lssTransfer","line":42,"loc":{"start":{"line":42,"column":4},"end":{"line":50,"column":4}}},"4":{"name":"lssTransferFrom","line":52,"loc":{"start":{"line":52,"column":4},"end":{"line":60,"column":4}}},"5":{"name":"lssIncreaseAllowance","line":62,"loc":{"start":{"line":62,"column":4},"end":{"line":70,"column":4}}},"6":{"name":"lssDecreaseAllowance","line":72,"loc":{"start":{"line":72,"column":4},"end":{"line":80,"column":4}}},"7":{"name":"onlyRecoveryAdmin","line":82,"loc":{"start":{"line":82,"column":4},"end":{"line":85,"column":4}}},"8":{"name":"transferOutBlacklistedFunds","line":89,"loc":{"start":{"line":89,"column":4},"end":{"line":94,"column":4}}},"9":{"name":"setLosslessAdmin","line":96,"loc":{"start":{"line":96,"column":4},"end":{"line":100,"column":4}}},"10":{"name":"setLosslessRecoveryAdmin","line":102,"loc":{"start":{"line":102,"column":4},"end":{"line":105,"column":4}}},"11":{"name":"proposeLosslessTurnOff","line":107,"loc":{"start":{"line":107,"column":4},"end":{"line":111,"column":4}}},"12":{"name":"executeLosslessTurnOff","line":113,"loc":{"start":{"line":113,"column":4},"end":{"line":119,"column":4}}},"13":{"name":"executeLosslessTurnOn","line":121,"loc":{"start":{"line":121,"column":4},"end":{"line":125,"column":4}}},"14":{"name":"approve","line":129,"loc":{"start":{"line":129,"column":4},"end":{"line":132,"column":4}}},"15":{"name":"transfer","line":134,"loc":{"start":{"line":134,"column":4},"end":{"line":137,"column":4}}},"16":{"name":"transferFrom","line":139,"loc":{"start":{"line":139,"column":4},"end":{"line":142,"column":4}}},"17":{"name":"increaseAllowance","line":144,"loc":{"start":{"line":144,"column":4},"end":{"line":147,"column":4}}},"18":{"name":"decreaseAllowance","line":149,"loc":{"start":{"line":149,"column":4},"end":{"line":152,"column":4}}}},"statementMap":{"1":{"start":{"line":23,"column":8},"end":{"line":23,"column":39}},"2":{"start":{"line":24,"column":8},"end":{"line":24,"column":37}},"3":{"start":{"line":25,"column":8},"end":{"line":25,"column":39}},"4":{"start":{"line":26,"column":8},"end":{"line":26,"column":48}},"5":{"start":{"line":27,"column":8},"end":{"line":27,"column":37}},"6":{"start":{"line":33,"column":8},"end":{"line":33,"column":1227}},"7":{"start":{"line":34,"column":12},"end":{"line":34,"column":64}},"8":{"start":{"line":37,"column":8},"end":{"line":37,"column":1343}},"9":{"start":{"line":38,"column":12},"end":{"line":38,"column":63}},"10":{"start":{"line":43,"column":8},"end":{"line":43,"column":1516}},"11":{"start":{"line":44,"column":12},"end":{"line":44,"column":67}},"12":{"start":{"line":47,"column":8},"end":{"line":47,"column":1635}},"13":{"start":{"line":48,"column":12},"end":{"line":48,"column":66}},"14":{"start":{"line":53,"column":8},"end":{"line":53,"column":1831}},"15":{"start":{"line":54,"column":12},"end":{"line":54,"column":78}},"16":{"start":{"line":57,"column":8},"end":{"line":57,"column":1961}},"17":{"start":{"line":58,"column":12},"end":{"line":58,"column":78}},"18":{"start":{"line":63,"column":8},"end":{"line":63,"column":2165}},"19":{"start":{"line":64,"column":12},"end":{"line":64,"column":83}},"20":{"start":{"line":67,"column":8},"end":{"line":67,"column":2300}},"21":{"start":{"line":68,"column":12},"end":{"line":68,"column":82}},"22":{"start":{"line":73,"column":8},"end":{"line":73,"column":2508}},"23":{"start":{"line":74,"column":12},"end":{"line":74,"column":83}},"24":{"start":{"line":77,"column":8},"end":{"line":77,"column":2643}},"25":{"start":{"line":78,"column":12},"end":{"line":78,"column":82}},"26":{"start":{"line":83,"column":8},"end":{"line":83,"column":86}},"27":{"start":{"line":90,"column":8},"end":{"line":90,"column":93}},"28":{"start":{"line":91,"column":8},"end":{"line":91,"column":3124}},"29":{"start":{"line":92,"column":12},"end":{"line":92,"column":68}},"30":{"start":{"line":97,"column":8},"end":{"line":97,"column":62}},"31":{"start":{"line":98,"column":8},"end":{"line":98,"column":74}},"32":{"start":{"line":99,"column":8},"end":{"line":99,"column":39}},"33":{"start":{"line":103,"column":8},"end":{"line":103,"column":66}},"34":{"start":{"line":104,"column":8},"end":{"line":104,"column":39}},"35":{"start":{"line":108,"column":8},"end":{"line":108,"column":61}},"36":{"start":{"line":109,"column":8},"end":{"line":109,"column":39}},"37":{"start":{"line":110,"column":8},"end":{"line":110,"column":57}},"38":{"start":{"line":114,"column":8},"end":{"line":114,"column":86}},"39":{"start":{"line":115,"column":8},"end":{"line":115,"column":96}},"40":{"start":{"line":116,"column":8},"end":{"line":116,"column":27}},"41":{"start":{"line":117,"column":8},"end":{"line":117,"column":40}},"42":{"start":{"line":118,"column":8},"end":{"line":118,"column":32}},"43":{"start":{"line":122,"column":8},"end":{"line":122,"column":40}},"44":{"start":{"line":123,"column":8},"end":{"line":123,"column":26}},"45":{"start":{"line":124,"column":8},"end":{"line":124,"column":31}},"46":{"start":{"line":130,"column":8},"end":{"line":130,"column":46}},"47":{"start":{"line":131,"column":8},"end":{"line":131,"column":19}},"48":{"start":{"line":135,"column":8},"end":{"line":135,"column":49}},"49":{"start":{"line":136,"column":8},"end":{"line":136,"column":19}},"50":{"start":{"line":140,"column":8},"end":{"line":140,"column":67}},"51":{"start":{"line":141,"column":8},"end":{"line":141,"column":21}},"52":{"start":{"line":145,"column":8},"end":{"line":145,"column":66}},"53":{"start":{"line":146,"column":8},"end":{"line":146,"column":21}},"54":{"start":{"line":150,"column":8},"end":{"line":150,"column":71}},"55":{"start":{"line":151,"column":8},"end":{"line":151,"column":21}}},"branchMap":{"1":{"line":33,"type":"if","locations":[{"start":{"line":33,"column":8},"end":{"line":33,"column":8}},{"start":{"line":33,"column":8},"end":{"line":33,"column":8}}]},"2":{"line":37,"type":"if","locations":[{"start":{"line":37,"column":8},"end":{"line":37,"column":8}},{"start":{"line":37,"column":8},"end":{"line":37,"column":8}}]},"3":{"line":43,"type":"if","locations":[{"start":{"line":43,"column":8},"end":{"line":43,"column":8}},{"start":{"line":43,"column":8},"end":{"line":43,"column":8}}]},"4":{"line":47,"type":"if","locations":[{"start":{"line":47,"column":8},"end":{"line":47,"column":8}},{"start":{"line":47,"column":8},"end":{"line":47,"column":8}}]},"5":{"line":53,"type":"if","locations":[{"start":{"line":53,"column":8},"end":{"line":53,"column":8}},{"start":{"line":53,"column":8},"end":{"line":53,"column":8}}]},"6":{"line":57,"type":"if","locations":[{"start":{"line":57,"column":8},"end":{"line":57,"column":8}},{"start":{"line":57,"column":8},"end":{"line":57,"column":8}}]},"7":{"line":63,"type":"if","locations":[{"start":{"line":63,"column":8},"end":{"line":63,"column":8}},{"start":{"line":63,"column":8},"end":{"line":63,"column":8}}]},"8":{"line":67,"type":"if","locations":[{"start":{"line":67,"column":8},"end":{"line":67,"column":8}},{"start":{"line":67,"column":8},"end":{"line":67,"column":8}}]},"9":{"line":73,"type":"if","locations":[{"start":{"line":73,"column":8},"end":{"line":73,"column":8}},{"start":{"line":73,"column":8},"end":{"line":73,"column":8}}]},"10":{"line":77,"type":"if","locations":[{"start":{"line":77,"column":8},"end":{"line":77,"column":8}},{"start":{"line":77,"column":8},"end":{"line":77,"column":8}}]},"11":{"line":83,"type":"if","locations":[{"start":{"line":83,"column":8},"end":{"line":83,"column":8}},{"start":{"line":83,"column":8},"end":{"line":83,"column":8}}]},"12":{"line":90,"type":"if","locations":[{"start":{"line":90,"column":8},"end":{"line":90,"column":8}},{"start":{"line":90,"column":8},"end":{"line":90,"column":8}}]},"13":{"line":97,"type":"if","locations":[{"start":{"line":97,"column":8},"end":{"line":97,"column":8}},{"start":{"line":97,"column":8},"end":{"line":97,"column":8}}]},"14":{"line":114,"type":"if","locations":[{"start":{"line":114,"column":8},"end":{"line":114,"column":8}},{"start":{"line":114,"column":8},"end":{"line":114,"column":8}}]},"15":{"line":115,"type":"if","locations":[{"start":{"line":115,"column":8},"end":{"line":115,"column":8}},{"start":{"line":115,"column":8},"end":{"line":115,"column":8}}]}}},"contracts/LERC20Mock.sol":{"l":{"19":1143,"23":2,"24":2,"28":0,"32":0,"36":0,"40":0},"path":"/Users/domantas/Documents/Github/lossless/lossless-v1-controller/contracts/LERC20Mock.sol","s":{"1":1143,"2":2,"3":2,"4":0,"5":0,"6":0,"7":0},"b":{},"f":{"1":1143,"2":2,"3":0,"4":0,"5":0,"6":0},"fnMap":{"1":{"name":"constructor","line":18,"loc":{"start":{"line":8,"column":4},"end":{"line":20,"column":4}}},"2":{"name":"_constructor","line":22,"loc":{"start":{"line":22,"column":4},"end":{"line":25,"column":4}}},"3":{"name":"mint","line":27,"loc":{"start":{"line":27,"column":4},"end":{"line":29,"column":4}}},"4":{"name":"burn","line":31,"loc":{"start":{"line":31,"column":4},"end":{"line":33,"column":4}}},"5":{"name":"transferInternal","line":35,"loc":{"start":{"line":35,"column":4},"end":{"line":37,"column":4}}},"6":{"name":"approveInternal","line":39,"loc":{"start":{"line":39,"column":4},"end":{"line":41,"column":4}}}},"statementMap":{"1":{"start":{"line":19,"column":8},"end":{"line":19,"column":44}},"2":{"start":{"line":23,"column":8},"end":{"line":23,"column":68}},"3":{"start":{"line":24,"column":8},"end":{"line":24,"column":45}},"4":{"start":{"line":28,"column":8},"end":{"line":28,"column":29}},"5":{"start":{"line":32,"column":8},"end":{"line":32,"column":29}},"6":{"start":{"line":36,"column":8},"end":{"line":36,"column":33}},"7":{"start":{"line":40,"column":8},"end":{"line":40,"column":38}}},"branchMap":{}},"contracts/LosslessController.sol":{"l":{"83":0,"87":0,"92":101,"96":99,"100":8,"101":6,"105":187,"109":180,"113":102,"117":97,"123":1143,"124":1143,"125":1143,"126":1143,"132":0,"136":4,"140":14,"144":2,"148":2,"152":1,"156":1,"160":4,"164":4,"168":6,"172":6,"176":6,"180":1,"186":16,"187":15,"191":4,"192":3,"196":2,"197":2,"201":2,"202":2,"206":1147,"207":1147,"211":66,"212":65,"213":64,"214":64,"215":103,"216":102,"218":63,"222":88,"223":87,"224":86,"225":85,"226":85,"227":84,"228":84,"229":84,"230":84,"234":78,"235":78,"236":77,"237":76,"238":76,"242":72,"243":72,"244":69,"245":69,"249":6,"250":12,"251":12,"252":4,"253":4,"255":8,"259":6,"263":6,"264":12,"265":12,"266":4,"267":4,"269":8,"273":6,"277":10,"278":10,"279":2,"280":2,"281":2,"282":2,"283":2,"284":2,"286":8,"287":8,"288":8,"289":8,"294":10,"295":10,"296":2,"297":2,"298":2,"299":2,"300":2,"301":2,"303":8,"304":8,"305":8,"306":8,"312":193,"313":193,"314":11,"315":11,"316":22,"317":4,"320":11,"321":7,"327":32,"328":28,"329":50,"330":48,"333":22,"334":22,"340":175,"341":175,"342":175,"343":1,"346":175,"347":175,"348":2,"351":175,"355":24,"356":24,"357":24,"358":24,"359":1,"362":24,"363":24,"364":24,"365":2,"368":24,"382":172,"386":21},"path":"/Users/domantas/Documents/Github/lossless/lossless-v1-controller/contracts/LosslessController.sol","s":{"1":0,"2":101,"3":8,"4":187,"5":102,"6":1143,"7":1143,"8":1143,"9":1143,"10":0,"11":4,"12":14,"13":2,"14":2,"15":1,"16":1,"17":4,"18":4,"19":6,"20":6,"21":6,"22":1,"23":16,"24":15,"25":4,"26":3,"27":2,"28":2,"29":2,"30":2,"31":1147,"32":1147,"33":66,"34":65,"35":64,"36":64,"37":103,"38":102,"39":63,"40":88,"41":87,"42":86,"43":85,"44":85,"45":84,"46":84,"47":84,"48":84,"49":78,"50":78,"51":77,"52":76,"53":76,"54":72,"55":72,"56":69,"57":69,"58":6,"59":12,"60":12,"61":4,"62":8,"63":6,"64":6,"65":12,"66":12,"67":4,"68":8,"69":6,"70":10,"71":10,"72":2,"73":2,"74":2,"75":2,"76":2,"77":2,"78":8,"79":8,"80":8,"81":8,"82":10,"83":10,"84":2,"85":2,"86":2,"87":2,"88":2,"89":2,"90":8,"91":8,"92":8,"93":8,"94":193,"95":193,"96":11,"97":11,"98":22,"99":4,"100":11,"101":7,"102":32,"103":28,"104":50,"105":48,"106":22,"107":22,"108":175,"109":175,"110":175,"111":1,"112":175,"113":175,"114":2,"115":175,"116":24,"117":24,"118":24,"119":24,"120":1,"121":24,"122":24,"123":24,"124":2,"125":24,"126":172,"127":21},"b":{"1":[0,0],"2":[99,2],"3":[6,2],"4":[180,7],"5":[97,5],"6":[15,1],"7":[3,1],"8":[65,1],"9":[64,1],"10":[64,0],"11":[102,1],"12":[87,1],"13":[86,1],"14":[85,1],"15":[84,1],"16":[77,1],"17":[76,1],"18":[69,3],"19":[69,0],"20":[4,8],"21":[4,8],"22":[2,8],"23":[2,8],"24":[11,182],"25":[4,18],"26":[7,4],"27":[28,4],"28":[48,2],"29":[44,4],"30":[1,174],"31":[2,173],"32":[172,3],"33":[1,23],"34":[2,22],"35":[21,3]},"f":{"1":0,"2":101,"3":8,"4":187,"5":102,"6":1143,"7":0,"8":4,"9":14,"10":2,"11":2,"12":1,"13":1,"14":4,"15":4,"16":6,"17":6,"18":6,"19":1,"20":16,"21":4,"22":2,"23":2,"24":1147,"25":66,"26":88,"27":78,"28":72,"29":6,"30":6,"31":10,"32":10,"33":193,"34":32,"35":175,"36":24,"37":24,"38":0,"39":0,"40":24,"41":172,"42":21,"43":0,"44":0},"fnMap":{"1":{"name":"onlyRegisteredToken","line":82,"loc":{"start":{"line":82,"column":4},"end":{"line":88,"column":4}}},"2":{"name":"onlyAdmin","line":91,"loc":{"start":{"line":91,"column":4},"end":{"line":97,"column":4}}},"3":{"name":"onlyRecoveryAdmin","line":99,"loc":{"start":{"line":99,"column":4},"end":{"line":102,"column":4}}},"4":{"name":"onlyTokenAdmin","line":104,"loc":{"start":{"line":104,"column":4},"end":{"line":110,"column":4}}},"5":{"name":"onlyLosslessAdmin","line":112,"loc":{"start":{"line":112,"column":4},"end":{"line":118,"column":4}}},"6":{"name":"initialize","line":122,"loc":{"start":{"line":122,"column":4},"end":{"line":127,"column":4}}},"7":{"name":"getTokenCooldown","line":131,"loc":{"start":{"line":131,"column":4},"end":{"line":133,"column":4}}},"8":{"name":"getTokenAdmin","line":135,"loc":{"start":{"line":135,"column":4},"end":{"line":137,"column":4}}},"9":{"name":"getIsBlacklisted","line":139,"loc":{"start":{"line":139,"column":4},"end":{"line":141,"column":4}}},"10":{"name":"getIsIdoConfirmed","line":143,"loc":{"start":{"line":143,"column":4},"end":{"line":145,"column":4}}},"11":{"name":"getIdoStartTime","line":147,"loc":{"start":{"line":147,"column":4},"end":{"line":149,"column":4}}},"12":{"name":"getIdoDuration","line":151,"loc":{"start":{"line":151,"column":4},"end":{"line":153,"column":4}}},"13":{"name":"getIdoWhitelist","line":155,"loc":{"start":{"line":155,"column":4},"end":{"line":157,"column":4}}},"14":{"name":"getRemovalProposedByTokenAdmin","line":159,"loc":{"start":{"line":159,"column":4},"end":{"line":161,"column":4}}},"15":{"name":"getRemovalProposedByLosslessAdmin","line":163,"loc":{"start":{"line":163,"column":4},"end":{"line":165,"column":4}}},"16":{"name":"getTransferProposedByTokenAdmin","line":167,"loc":{"start":{"line":167,"column":4},"end":{"line":169,"column":4}}},"17":{"name":"getTransferProposedByLosslessAdmin","line":171,"loc":{"start":{"line":171,"column":4},"end":{"line":173,"column":4}}},"18":{"name":"getTransferProposedAddress","line":175,"loc":{"start":{"line":175,"column":4},"end":{"line":177,"column":4}}},"19":{"name":"getVersion","line":179,"loc":{"start":{"line":179,"column":4},"end":{"line":181,"column":4}}},"20":{"name":"pause","line":185,"loc":{"start":{"line":185,"column":4},"end":{"line":188,"column":4}}},"21":{"name":"unpause","line":190,"loc":{"start":{"line":190,"column":4},"end":{"line":193,"column":4}}},"22":{"name":"setAdmin","line":195,"loc":{"start":{"line":195,"column":4},"end":{"line":198,"column":4}}},"23":{"name":"setRecoveryAdmin","line":200,"loc":{"start":{"line":200,"column":4},"end":{"line":203,"column":4}}},"24":{"name":"setTokenAdmin","line":205,"loc":{"start":{"line":205,"column":4},"end":{"line":208,"column":4}}},"25":{"name":"blacklistAddresses","line":210,"loc":{"start":{"line":210,"column":4},"end":{"line":219,"column":4}}},"26":{"name":"proposeIdoConfig","line":221,"loc":{"start":{"line":221,"column":4},"end":{"line":231,"column":4}}},"27":{"name":"setIdoConfigConfirm","line":233,"loc":{"start":{"line":233,"column":4},"end":{"line":239,"column":4}}},"28":{"name":"startIdo","line":241,"loc":{"start":{"line":241,"column":4},"end":{"line":246,"column":4}}},"29":{"name":"removeFromBlacklistByTokenAdmin","line":248,"loc":{"start":{"line":248,"column":4},"end":{"line":260,"column":4}}},"30":{"name":"removeFromBlacklistByLosslessAdmin","line":262,"loc":{"start":{"line":262,"column":4},"end":{"line":274,"column":4}}},"31":{"name":"transferTokensByTokenAdmin","line":276,"loc":{"start":{"line":276,"column":4},"end":{"line":291,"column":4}}},"32":{"name":"transferTokensByLosslessAdmin","line":293,"loc":{"start":{"line":293,"column":4},"end":{"line":308,"column":4}}},"33":{"name":"addCooldown","line":311,"loc":{"start":{"line":311,"column":4},"end":{"line":324,"column":4}}},"34":{"name":"transferOutBlacklistedFunds","line":326,"loc":{"start":{"line":326,"column":4},"end":{"line":335,"column":4}}},"35":{"name":"beforeTransfer","line":339,"loc":{"start":{"line":339,"column":4},"end":{"line":352,"column":4}}},"36":{"name":"beforeTransferFrom","line":354,"loc":{"start":{"line":354,"column":4},"end":{"line":369,"column":4}}},"37":{"name":"beforeApprove","line":371,"loc":{"start":{"line":371,"column":4},"end":{"line":371,"column":84}}},"38":{"name":"beforeIncreaseAllowance","line":373,"loc":{"start":{"line":373,"column":4},"end":{"line":373,"column":101}}},"39":{"name":"beforeDecreaseAllowance","line":375,"loc":{"start":{"line":375,"column":4},"end":{"line":375,"column":106}}},"40":{"name":"afterApprove","line":379,"loc":{"start":{"line":379,"column":4},"end":{"line":379,"column":83}}},"41":{"name":"afterTransfer","line":381,"loc":{"start":{"line":381,"column":4},"end":{"line":383,"column":4}}},"42":{"name":"afterTransferFrom","line":385,"loc":{"start":{"line":385,"column":4},"end":{"line":387,"column":4}}},"43":{"name":"afterIncreaseAllowance","line":389,"loc":{"start":{"line":389,"column":4},"end":{"line":389,"column":97}}},"44":{"name":"afterDecreaseAllowance","line":391,"loc":{"start":{"line":391,"column":4},"end":{"line":391,"column":102}}}},"statementMap":{"1":{"start":{"line":83,"column":8},"end":{"line":83,"column":3516}},"2":{"start":{"line":92,"column":8},"end":{"line":92,"column":3746}},"3":{"start":{"line":100,"column":8},"end":{"line":100,"column":88}},"4":{"start":{"line":105,"column":8},"end":{"line":105,"column":4112}},"5":{"start":{"line":113,"column":8},"end":{"line":113,"column":4299}},"6":{"start":{"line":123,"column":8},"end":{"line":123,"column":21}},"7":{"start":{"line":124,"column":8},"end":{"line":124,"column":37}},"8":{"start":{"line":125,"column":8},"end":{"line":125,"column":31}},"9":{"start":{"line":126,"column":8},"end":{"line":126,"column":39}},"10":{"start":{"line":132,"column":8},"end":{"line":132,"column":38}},"11":{"start":{"line":136,"column":8},"end":{"line":136,"column":40}},"12":{"start":{"line":140,"column":8},"end":{"line":140,"column":69}},"13":{"start":{"line":144,"column":8},"end":{"line":144,"column":54}},"14":{"start":{"line":148,"column":8},"end":{"line":148,"column":54}},"15":{"start":{"line":152,"column":8},"end":{"line":152,"column":53}},"16":{"start":{"line":156,"column":8},"end":{"line":156,"column":54}},"17":{"start":{"line":160,"column":8},"end":{"line":160,"column":103}},"18":{"start":{"line":164,"column":8},"end":{"line":164,"column":106}},"19":{"start":{"line":168,"column":8},"end":{"line":168,"column":75}},"20":{"start":{"line":172,"column":8},"end":{"line":172,"column":78}},"21":{"start":{"line":176,"column":8},"end":{"line":176,"column":69}},"22":{"start":{"line":180,"column":8},"end":{"line":180,"column":16}},"23":{"start":{"line":186,"column":8},"end":{"line":186,"column":81}},"24":{"start":{"line":187,"column":8},"end":{"line":187,"column":15}},"25":{"start":{"line":191,"column":8},"end":{"line":191,"column":81}},"26":{"start":{"line":192,"column":8},"end":{"line":192,"column":17}},"27":{"start":{"line":196,"column":8},"end":{"line":196,"column":42}},"28":{"start":{"line":197,"column":8},"end":{"line":197,"column":23}},"29":{"start":{"line":201,"column":8},"end":{"line":201,"column":66}},"30":{"start":{"line":202,"column":8},"end":{"line":202,"column":39}},"31":{"start":{"line":206,"column":8},"end":{"line":206,"column":41}},"32":{"start":{"line":207,"column":8},"end":{"line":207,"column":50}},"33":{"start":{"line":211,"column":8},"end":{"line":211,"column":97}},"34":{"start":{"line":212,"column":8},"end":{"line":212,"column":141}},"35":{"start":{"line":213,"column":8},"end":{"line":213,"column":87}},"36":{"start":{"line":214,"column":8},"end":{"line":214,"column":8176}},"37":{"start":{"line":215,"column":12},"end":{"line":215,"column":109}},"38":{"start":{"line":216,"column":12},"end":{"line":216,"column":94}},"39":{"start":{"line":218,"column":8},"end":{"line":218,"column":83}},"40":{"start":{"line":222,"column":8},"end":{"line":222,"column":63}},"41":{"start":{"line":223,"column":8},"end":{"line":223,"column":86}},"42":{"start":{"line":224,"column":8},"end":{"line":224,"column":75}},"43":{"start":{"line":225,"column":8},"end":{"line":225,"column":67}},"44":{"start":{"line":226,"column":8},"end":{"line":226,"column":73}},"45":{"start":{"line":227,"column":8},"end":{"line":227,"column":34}},"46":{"start":{"line":228,"column":8},"end":{"line":228,"column":36}},"47":{"start":{"line":229,"column":8},"end":{"line":229,"column":38}},"48":{"start":{"line":230,"column":8},"end":{"line":230,"column":48}},"49":{"start":{"line":234,"column":8},"end":{"line":234,"column":67}},"50":{"start":{"line":235,"column":8},"end":{"line":235,"column":79}},"51":{"start":{"line":236,"column":8},"end":{"line":236,"column":73}},"52":{"start":{"line":237,"column":8},"end":{"line":237,"column":34}},"53":{"start":{"line":238,"column":8},"end":{"line":238,"column":39}},"54":{"start":{"line":242,"column":8},"end":{"line":242,"column":67}},"55":{"start":{"line":243,"column":8},"end":{"line":243,"column":76}},"56":{"start":{"line":244,"column":8},"end":{"line":244,"column":73}},"57":{"start":{"line":245,"column":8},"end":{"line":245,"column":44}},"58":{"start":{"line":249,"column":8},"end":{"line":249,"column":10205}},"59":{"start":{"line":250,"column":12},"end":{"line":250,"column":131}},"60":{"start":{"line":251,"column":12},"end":{"line":251,"column":10407}},"61":{"start":{"line":252,"column":16},"end":{"line":252,"column":81}},"62":{"start":{"line":255,"column":16},"end":{"line":255,"column":52}},"63":{"start":{"line":259,"column":8},"end":{"line":259,"column":91}},"64":{"start":{"line":263,"column":8},"end":{"line":263,"column":10980}},"65":{"start":{"line":264,"column":12},"end":{"line":264,"column":131}},"66":{"start":{"line":265,"column":12},"end":{"line":265,"column":11182}},"67":{"start":{"line":266,"column":16},"end":{"line":266,"column":81}},"68":{"start":{"line":269,"column":16},"end":{"line":269,"column":55}},"69":{"start":{"line":273,"column":8},"end":{"line":273,"column":94}},"70":{"start":{"line":277,"column":8},"end":{"line":277,"column":88}},"71":{"start":{"line":278,"column":8},"end":{"line":278,"column":11840}},"72":{"start":{"line":279,"column":12},"end":{"line":279,"column":75}},"73":{"start":{"line":280,"column":12},"end":{"line":280,"column":66}},"74":{"start":{"line":281,"column":12},"end":{"line":281,"column":52}},"75":{"start":{"line":282,"column":12},"end":{"line":282,"column":49}},"76":{"start":{"line":283,"column":12},"end":{"line":283,"column":48}},"77":{"start":{"line":284,"column":12},"end":{"line":284,"column":86}},"78":{"start":{"line":286,"column":12},"end":{"line":286,"column":48}},"79":{"start":{"line":287,"column":12},"end":{"line":287,"column":52}},"80":{"start":{"line":288,"column":12},"end":{"line":288,"column":53}},"81":{"start":{"line":289,"column":12},"end":{"line":289,"column":90}},"82":{"start":{"line":294,"column":8},"end":{"line":294,"column":88}},"83":{"start":{"line":295,"column":8},"end":{"line":295,"column":12837}},"84":{"start":{"line":296,"column":12},"end":{"line":296,"column":75}},"85":{"start":{"line":297,"column":12},"end":{"line":297,"column":66}},"86":{"start":{"line":298,"column":12},"end":{"line":298,"column":52}},"87":{"start":{"line":299,"column":12},"end":{"line":299,"column":49}},"88":{"start":{"line":300,"column":12},"end":{"line":300,"column":48}},"89":{"start":{"line":301,"column":12},"end":{"line":301,"column":86}},"90":{"start":{"line":303,"column":12},"end":{"line":303,"column":51}},"91":{"start":{"line":304,"column":12},"end":{"line":304,"column":49}},"92":{"start":{"line":305,"column":12},"end":{"line":305,"column":53}},"93":{"start":{"line":306,"column":12},"end":{"line":306,"column":93}},"94":{"start":{"line":312,"column":8},"end":{"line":312,"column":61}},"95":{"start":{"line":313,"column":8},"end":{"line":313,"column":13731}},"96":{"start":{"line":314,"column":12},"end":{"line":314,"column":38}},"97":{"start":{"line":315,"column":12},"end":{"line":315,"column":13865}},"98":{"start":{"line":316,"column":16},"end":{"line":316,"column":13936}},"99":{"start":{"line":317,"column":20},"end":{"line":317,"column":39}},"100":{"start":{"line":320,"column":12},"end":{"line":320,"column":14056}},"101":{"start":{"line":321,"column":16},"end":{"line":321,"column":100}},"102":{"start":{"line":327,"column":8},"end":{"line":327,"column":100}},"103":{"start":{"line":328,"column":8},"end":{"line":328,"column":14456}},"104":{"start":{"line":329,"column":12},"end":{"line":329,"column":137}},"105":{"start":{"line":330,"column":12},"end":{"line":330,"column":178}},"106":{"start":{"line":333,"column":8},"end":{"line":333,"column":78}},"107":{"start":{"line":334,"column":8},"end":{"line":334,"column":92}},"108":{"start":{"line":340,"column":8},"end":{"line":340,"column":80}},"109":{"start":{"line":341,"column":8},"end":{"line":341,"column":30}},"110":{"start":{"line":342,"column":8},"end":{"line":342,"column":15271}},"111":{"start":{"line":343,"column":12},"end":{"line":343,"column":27}},"112":{"start":{"line":346,"column":8},"end":{"line":346,"column":80}},"113":{"start":{"line":347,"column":8},"end":{"line":347,"column":15427}},"114":{"start":{"line":348,"column":12},"end":{"line":348,"column":27}},"115":{"start":{"line":351,"column":8},"end":{"line":351,"column":61}},"116":{"start":{"line":355,"column":8},"end":{"line":355,"column":85}},"117":{"start":{"line":356,"column":8},"end":{"line":356,"column":91}},"118":{"start":{"line":357,"column":8},"end":{"line":357,"column":30}},"119":{"start":{"line":358,"column":8},"end":{"line":358,"column":15921}},"120":{"start":{"line":359,"column":12},"end":{"line":359,"column":27}},"121":{"start":{"line":362,"column":8},"end":{"line":362,"column":86}},"122":{"start":{"line":363,"column":8},"end":{"line":363,"column":92}},"123":{"start":{"line":364,"column":8},"end":{"line":364,"column":16213}},"124":{"start":{"line":365,"column":12},"end":{"line":365,"column":27}},"125":{"start":{"line":368,"column":8},"end":{"line":368,"column":61}},"126":{"start":{"line":382,"column":8},"end":{"line":382,"column":29}},"127":{"start":{"line":386,"column":8},"end":{"line":386,"column":29}}},"branchMap":{"1":{"line":83,"type":"if","locations":[{"start":{"line":83,"column":8},"end":{"line":83,"column":8}},{"start":{"line":83,"column":8},"end":{"line":83,"column":8}}]},"2":{"line":92,"type":"if","locations":[{"start":{"line":92,"column":8},"end":{"line":92,"column":8}},{"start":{"line":92,"column":8},"end":{"line":92,"column":8}}]},"3":{"line":100,"type":"if","locations":[{"start":{"line":100,"column":8},"end":{"line":100,"column":8}},{"start":{"line":100,"column":8},"end":{"line":100,"column":8}}]},"4":{"line":105,"type":"if","locations":[{"start":{"line":105,"column":8},"end":{"line":105,"column":8}},{"start":{"line":105,"column":8},"end":{"line":105,"column":8}}]},"5":{"line":113,"type":"if","locations":[{"start":{"line":113,"column":8},"end":{"line":113,"column":8}},{"start":{"line":113,"column":8},"end":{"line":113,"column":8}}]},"6":{"line":186,"type":"if","locations":[{"start":{"line":186,"column":8},"end":{"line":186,"column":8}},{"start":{"line":186,"column":8},"end":{"line":186,"column":8}}]},"7":{"line":191,"type":"if","locations":[{"start":{"line":191,"column":8},"end":{"line":191,"column":8}},{"start":{"line":191,"column":8},"end":{"line":191,"column":8}}]},"8":{"line":211,"type":"if","locations":[{"start":{"line":211,"column":8},"end":{"line":211,"column":8}},{"start":{"line":211,"column":8},"end":{"line":211,"column":8}}]},"9":{"line":212,"type":"if","locations":[{"start":{"line":212,"column":8},"end":{"line":212,"column":8}},{"start":{"line":212,"column":8},"end":{"line":212,"column":8}}]},"10":{"line":213,"type":"if","locations":[{"start":{"line":213,"column":8},"end":{"line":213,"column":8}},{"start":{"line":213,"column":8},"end":{"line":213,"column":8}}]},"11":{"line":215,"type":"if","locations":[{"start":{"line":215,"column":12},"end":{"line":215,"column":12}},{"start":{"line":215,"column":12},"end":{"line":215,"column":12}}]},"12":{"line":222,"type":"if","locations":[{"start":{"line":222,"column":8},"end":{"line":222,"column":8}},{"start":{"line":222,"column":8},"end":{"line":222,"column":8}}]},"13":{"line":223,"type":"if","locations":[{"start":{"line":223,"column":8},"end":{"line":223,"column":8}},{"start":{"line":223,"column":8},"end":{"line":223,"column":8}}]},"14":{"line":224,"type":"if","locations":[{"start":{"line":224,"column":8},"end":{"line":224,"column":8}},{"start":{"line":224,"column":8},"end":{"line":224,"column":8}}]},"15":{"line":226,"type":"if","locations":[{"start":{"line":226,"column":8},"end":{"line":226,"column":8}},{"start":{"line":226,"column":8},"end":{"line":226,"column":8}}]},"16":{"line":235,"type":"if","locations":[{"start":{"line":235,"column":8},"end":{"line":235,"column":8}},{"start":{"line":235,"column":8},"end":{"line":235,"column":8}}]},"17":{"line":236,"type":"if","locations":[{"start":{"line":236,"column":8},"end":{"line":236,"column":8}},{"start":{"line":236,"column":8},"end":{"line":236,"column":8}}]},"18":{"line":243,"type":"if","locations":[{"start":{"line":243,"column":8},"end":{"line":243,"column":8}},{"start":{"line":243,"column":8},"end":{"line":243,"column":8}}]},"19":{"line":244,"type":"if","locations":[{"start":{"line":244,"column":8},"end":{"line":244,"column":8}},{"start":{"line":244,"column":8},"end":{"line":244,"column":8}}]},"20":{"line":251,"type":"if","locations":[{"start":{"line":251,"column":12},"end":{"line":251,"column":12}},{"start":{"line":251,"column":12},"end":{"line":251,"column":12}}]},"21":{"line":265,"type":"if","locations":[{"start":{"line":265,"column":12},"end":{"line":265,"column":12}},{"start":{"line":265,"column":12},"end":{"line":265,"column":12}}]},"22":{"line":278,"type":"if","locations":[{"start":{"line":278,"column":8},"end":{"line":278,"column":8}},{"start":{"line":278,"column":8},"end":{"line":278,"column":8}}]},"23":{"line":295,"type":"if","locations":[{"start":{"line":295,"column":8},"end":{"line":295,"column":8}},{"start":{"line":295,"column":8},"end":{"line":295,"column":8}}]},"24":{"line":313,"type":"if","locations":[{"start":{"line":313,"column":8},"end":{"line":313,"column":8}},{"start":{"line":313,"column":8},"end":{"line":313,"column":8}}]},"25":{"line":316,"type":"if","locations":[{"start":{"line":316,"column":16},"end":{"line":316,"column":16}},{"start":{"line":316,"column":16},"end":{"line":316,"column":16}}]},"26":{"line":320,"type":"if","locations":[{"start":{"line":320,"column":12},"end":{"line":320,"column":12}},{"start":{"line":320,"column":12},"end":{"line":320,"column":12}}]},"27":{"line":327,"type":"if","locations":[{"start":{"line":327,"column":8},"end":{"line":327,"column":8}},{"start":{"line":327,"column":8},"end":{"line":327,"column":8}}]},"28":{"line":329,"type":"if","locations":[{"start":{"line":329,"column":12},"end":{"line":329,"column":12}},{"start":{"line":329,"column":12},"end":{"line":329,"column":12}}]},"29":{"line":330,"type":"if","locations":[{"start":{"line":330,"column":12},"end":{"line":330,"column":12}},{"start":{"line":330,"column":12},"end":{"line":330,"column":12}}]},"30":{"line":342,"type":"if","locations":[{"start":{"line":342,"column":8},"end":{"line":342,"column":8}},{"start":{"line":342,"column":8},"end":{"line":342,"column":8}}]},"31":{"line":347,"type":"if","locations":[{"start":{"line":347,"column":8},"end":{"line":347,"column":8}},{"start":{"line":347,"column":8},"end":{"line":347,"column":8}}]},"32":{"line":351,"type":"if","locations":[{"start":{"line":351,"column":8},"end":{"line":351,"column":8}},{"start":{"line":351,"column":8},"end":{"line":351,"column":8}}]},"33":{"line":358,"type":"if","locations":[{"start":{"line":358,"column":8},"end":{"line":358,"column":8}},{"start":{"line":358,"column":8},"end":{"line":358,"column":8}}]},"34":{"line":364,"type":"if","locations":[{"start":{"line":364,"column":8},"end":{"line":364,"column":8}},{"start":{"line":364,"column":8},"end":{"line":364,"column":8}}]},"35":{"line":368,"type":"if","locations":[{"start":{"line":368,"column":8},"end":{"line":368,"column":8}},{"start":{"line":368,"column":8},"end":{"line":368,"column":8}}]}}}}